<?xml version="1.0" encoding="UTF-8"?>
<!-- Generated by org.testng.reporters.JUnitReportReporter -->
<testsuite skipped="1" hostname="LAPTOP-9DSQ4N61" name="com.testng.Ignore_Concept" tests="3" failures="0" timestamp="2023-05-10T19:23:10 IST" time="0.015" errors="0">
  <testcase name="orange" time="0.002" classname="com.testng.Ignore_Concept"/>
  <system-out/>
  <testcase name="carrot" time="0.013" classname="com.testng.Ignore_Concept"/>
  <system-out/>
  <testcase name="potato" classname="com.testng.Ignore_Concept">
    <skipped/>
  </testcase> <!-- potato -->
  <system-out/>
</testsuite> <!-- com.testng.Ignore_Concept -->
