<?xml version="1.0" encoding="UTF-8"?>
<!-- Generated by org.testng.reporters.JUnitReportReporter -->
<testsuite skipped="0" hostname="LAPTOP-9DSQ4N61" name="com.testng.Dependency_Concept" tests="2" failures="0" timestamp="2023-05-10T19:44:50 IST" time="0.021" errors="0">
  <testcase name="login" time="0.006" classname="com.testng.Dependency_Concept"/>
  <system-out/>
  <testcase name="valid_Credentials" time="0.015" classname="com.testng.Dependency_Concept"/>
  <system-out/>
</testsuite> <!-- com.testng.Dependency_Concept -->
