<?xml version="1.0" encoding="UTF-8"?>
<!-- Generated by org.testng.reporters.JUnitReportReporter -->
<testsuite skipped="0" hostname="LAPTOP-9DSQ4N61" name="com.testng.Timeout_Concept" tests="1" failures="0" timestamp="2023-05-11T19:12:04 IST" time="5.046" errors="0">
  <testcase name="login" time="5.046" classname="com.testng.Timeout_Concept"/>
  <system-out/>
</testsuite> <!-- com.testng.Timeout_Concept -->
