<?xml version="1.0" encoding="UTF-8"?>
<!-- Generated by org.testng.reporters.JUnitReportReporter -->
<testsuite skipped="0" hostname="LAPTOP-9DSQ4N61" name="com.testng.Parellel_Concept" tests="2" failures="0" timestamp="2023-05-11T19:46:27 IST" time="0.022" errors="0">
  <testcase name="facebook" time="0.011" classname="com.testng.Parellel_Concept"/>
  <system-out/>
  <testcase name="instagram" time="0.011" classname="com.testng.Parellel_Concept"/>
  <system-out/>
</testsuite> <!-- com.testng.Parellel_Concept -->
