<?xml version="1.0" encoding="UTF-8"?>
<!-- Generated by org.testng.reporters.JUnitReportReporter -->
<testsuite skipped="0" hostname="LAPTOP-9DSQ4N61" name="com.testng.Exp_Exceptions_Con" tests="1" failures="0" timestamp="2023-05-11T19:20:43 IST" time="0.011" errors="0">
  <testcase name="demo" time="0.011" classname="com.testng.Exp_Exceptions_Con"/>
  <system-out/>
</testsuite> <!-- com.testng.Exp_Exceptions_Con -->
