<?xml version="1.0" encoding="UTF-8"?>
<!-- Generated by org.testng.reporters.JUnitReportReporter -->
<testsuite skipped="0" hostname="LAPTOP-9DSQ4N61" name="com.testng.Simple_Annotations" tests="5" failures="0" timestamp="2023-05-09T19:50:57 IST" time="0.054" errors="0">
  <testcase name="tshirt" time="0.019" classname="com.testng.Simple_Annotations"/>
  <system-out/>
  <testcase name="jean" time="0.008" classname="com.testng.Simple_Annotations"/>
  <system-out/>
  <testcase name="shoe" time="0.009" classname="com.testng.Simple_Annotations"/>
  <system-out/>
  <testcase name="shoe" time="0.012" classname="com.testng.Simple_Annotations"/>
  <system-out/>
  <testcase name="shoe" time="0.006" classname="com.testng.Simple_Annotations"/>
  <system-out/>
</testsuite> <!-- com.testng.Simple_Annotations -->
