<?xml version="1.0" encoding="UTF-8"?>
<!-- Generated by org.testng.reporters.JUnitReportReporter -->
<testsuite skipped="0" hostname="LAPTOP-9DSQ4N61" name="com.testng.Parameterized_Concept" tests="1" failures="0" timestamp="2023-05-11T19:31:09 IST" time="0.012" errors="0">
  <testcase name="credentials" time="0.012" classname="com.testng.Parameterized_Concept"/>
  <system-out/>
</testsuite> <!-- com.testng.Parameterized_Concept -->
