<?xml version="1.0" encoding="UTF-8"?>
<!-- Generated by org.testng.reporters.JUnitReportReporter -->
<testsuite skipped="0" hostname="LAPTOP-9DSQ4N61" name="com.testng.Dataprovider_Concept" tests="3" failures="0" timestamp="2023-05-11T19:41:40 IST" time="0.013" errors="0">
  <testcase name="credentials" time="0.009" classname="com.testng.Dataprovider_Concept"/>
  <system-out/>
  <testcase name="credentials" time="0.002" classname="com.testng.Dataprovider_Concept"/>
  <system-out/>
  <testcase name="credentials" time="0.002" classname="com.testng.Dataprovider_Concept"/>
  <system-out/>
</testsuite> <!-- com.testng.Dataprovider_Concept -->
