<?xml version="1.0" encoding="UTF-8"?>
<!-- Generated by org.testng.reporters.JUnitReportReporter -->
<testsuite skipped="0" hostname="LAPTOP-9DSQ4N61" name="com.testng.Grouping_Concept" tests="5" failures="0" timestamp="2023-05-10T19:37:22 IST" time="0.028" errors="0">
  <testcase name="carrot" time="0.002" classname="com.testng.Grouping_Concept"/>
  <system-out/>
  <testcase name="grapes" time="0.010" classname="com.testng.Grouping_Concept"/>
  <system-out/>
  <testcase name="apple" time="0.010" classname="com.testng.Grouping_Concept"/>
  <system-out/>
  <testcase name="orange" time="0.005" classname="com.testng.Grouping_Concept"/>
  <system-out/>
  <testcase name="potato" time="0.001" classname="com.testng.Grouping_Concept"/>
  <system-out/>
</testsuite> <!-- com.testng.Grouping_Concept -->
